  소스.c
\\DESKTOP-IRE4V45\학생들데이터(공유폴더)new\2.학생 저장자료(폴더안에 넣어서 저장할것, 다른 학생들 자료 삭제 절대 금물)\김범근\테트리스\테트리스\소스.c(106,15): warning C4244: '함수': 'time_t'에서 'unsigned int'(으)로 변환하면서 데이터가 손실될 수 있습니다.
\\DESKTOP-IRE4V45\학생들데이터(공유폴더)new\2.학생 저장자료(폴더안에 넣어서 저장할것, 다른 학생들 자료 삭제 절대 금물)\김범근\테트리스\테트리스\소스.c(182,16): warning C4013: 'is_Fullline'이(가) 정의되지 않았습니다. extern은 int형을 반환하는 것으로 간주합니다.
\\DESKTOP-IRE4V45\학생들데이터(공유폴더)new\2.학생 저장자료(폴더안에 넣어서 저장할것, 다른 학생들 자료 삭제 절대 금물)\김범근\테트리스\테트리스\소스.c(473,32): warning C4267: '+=': 'size_t'에서 'int'(으)로 변환하면서 데이터가 손실될 수 있습니다.
\\DESKTOP-IRE4V45\학생들데이터(공유폴더)new\2.학생 저장자료(폴더안에 넣어서 저장할것, 다른 학생들 자료 삭제 절대 금물)\김범근\테트리스\테트리스\소스.c(462,16): warning C4996: 'fopen': This function or variable may be unsafe. Consider using fopen_s instead. To disable deprecation, use _CRT_SECURE_NO_WARNINGS. See online help for details.
\\DESKTOP-IRE4V45\학생들데이터(공유폴더)new\2.학생 저장자료(폴더안에 넣어서 저장할것, 다른 학생들 자료 삭제 절대 금물)\김범근\테트리스\테트리스\소스.c(477,17): warning C4996: 'strcpy': This function or variable may be unsafe. Consider using strcpy_s instead. To disable deprecation, use _CRT_SECURE_NO_WARNINGS. See online help for details.
\\DESKTOP-IRE4V45\학생들데이터(공유폴더)new\2.학생 저장자료(폴더안에 넣어서 저장할것, 다른 학생들 자료 삭제 절대 금물)\김범근\테트리스\테트리스\소스.c(489,5): warning C4996: 'scanf': This function or variable may be unsafe. Consider using scanf_s instead. To disable deprecation, use _CRT_SECURE_NO_WARNINGS. See online help for details.
\\DESKTOP-IRE4V45\학생들데이터(공유폴더)new\2.학생 저장자료(폴더안에 넣어서 저장할것, 다른 학생들 자료 삭제 절대 금물)\김범근\테트리스\테트리스\소스.c(490,5): warning C4996: 'strcat': This function or variable may be unsafe. Consider using strcat_s instead. To disable deprecation, use _CRT_SECURE_NO_WARNINGS. See online help for details.
\\DESKTOP-IRE4V45\학생들데이터(공유폴더)new\2.학생 저장자료(폴더안에 넣어서 저장할것, 다른 학생들 자료 삭제 절대 금물)\김범근\테트리스\테트리스\소스.c(502,21): warning C4996: 'strcpy': This function or variable may be unsafe. Consider using strcpy_s instead. To disable deprecation, use _CRT_SECURE_NO_WARNINGS. See online help for details.
\\DESKTOP-IRE4V45\학생들데이터(공유폴더)new\2.학생 저장자료(폴더안에 넣어서 저장할것, 다른 학생들 자료 삭제 절대 금물)\김범근\테트리스\테트리스\소스.c(510,16): warning C4996: 'fopen': This function or variable may be unsafe. Consider using fopen_s instead. To disable deprecation, use _CRT_SECURE_NO_WARNINGS. See online help for details.
\\DESKTOP-IRE4V45\학생들데이터(공유폴더)new\2.학생 저장자료(폴더안에 넣어서 저장할것, 다른 학생들 자료 삭제 절대 금물)\김범근\테트리스\테트리스\소스.c(514,9): warning C4996: 'sprintf': This function or variable may be unsafe. Consider using sprintf_s instead. To disable deprecation, use _CRT_SECURE_NO_WARNINGS. See online help for details.
\\DESKTOP-IRE4V45\학생들데이터(공유폴더)new\2.학생 저장자료(폴더안에 넣어서 저장할것, 다른 학생들 자료 삭제 절대 금물)\김범근\테트리스\테트리스\소스.c(464,9): warning C4101: 'i' :참조되지 않은 지역 변수입니다.
\\DESKTOP-IRE4V45\학생들데이터(공유폴더)new\2.학생 저장자료(폴더안에 넣어서 저장할것, 다른 학생들 자료 삭제 절대 금물)\김범근\테트리스\테트리스\소스.c(536,32): warning C4267: '+=': 'size_t'에서 'int'(으)로 변환하면서 데이터가 손실될 수 있습니다.
\\DESKTOP-IRE4V45\학생들데이터(공유폴더)new\2.학생 저장자료(폴더안에 넣어서 저장할것, 다른 학생들 자료 삭제 절대 금물)\김범근\테트리스\테트리스\소스.c(525,16): warning C4996: 'fopen': This function or variable may be unsafe. Consider using fopen_s instead. To disable deprecation, use _CRT_SECURE_NO_WARNINGS. See online help for details.
\\DESKTOP-IRE4V45\학생들데이터(공유폴더)new\2.학생 저장자료(폴더안에 넣어서 저장할것, 다른 학생들 자료 삭제 절대 금물)\김범근\테트리스\테트리스\소스.c(527,9): warning C4101: 'i' :참조되지 않은 지역 변수입니다.
\\DESKTOP-IRE4V45\학생들데이터(공유폴더)new\2.학생 저장자료(폴더안에 넣어서 저장할것, 다른 학생들 자료 삭제 절대 금물)\김범근\테트리스\테트리스\소스.c(432): warning C4715: 'is_Fullline': 모든 제어 경로에서 값을 반환하지는 않습니다.
\\DESKTOP-IRE4V45\학생들데이터(공유폴더)new\2.학생 저장자료(폴더안에 넣어서 저장할것, 다른 학생들 자료 삭제 절대 금물)\김범근\테트리스\테트리스\소스.c(545): warning C4716: 'print_Ranking': 값을 반환해야 합니다.
\\DESKTOP-IRE4V45\학생들데이터(공유폴더)new\2.학생 저장자료(폴더안에 넣어서 저장할것, 다른 학생들 자료 삭제 절대 금물)\김범근\테트리스\테트리스\소스.c(458): warning C4715: 'is_GameOver': 모든 제어 경로에서 값을 반환하지는 않습니다.
\\DESKTOP-IRE4V45\학생들데이터(공유폴더)new\2.학생 저장자료(폴더안에 넣어서 저장할것, 다른 학생들 자료 삭제 절대 금물)\김범근\테트리스\테트리스\소스.c(519): warning C4716: 'change_Ranking': 값을 반환해야 합니다.
  테트리스.vcxproj -> \\DESKTOP-IRE4V45\학생들데이터(공유폴더)new\2.학생 저장자료(폴더안에 넣어서 저장할것, 다른 학생들 자료 삭제 절대 금물)\김범근\테트리스\x64\Debug\테트리스.exe
